[38;5;112m[Appium][0m Welcome to Appium v2.11.5
[38;5;112m[Appium][0m Non-default server args:
[38;5;112m[Appium][0m { basePath: [32m'/wd/hub'[39m, loglevel: [32m'info'[39m, port: [33m65131[39m }
[38;5;112m[Appium][0m Attempting to load driver uiautomator2...
[38;5;112m[Appium][0m Appium REST http interface listener started on http://0.0.0.0:65131/wd/hub
[38;5;112m[Appium][0m You can provide the following URLs in your client code to connect to this server:
	http://127.0.0.1:65131/wd/hub (only accessible from the same host)
	http://192.168.0.158:65131/wd/hub
[38;5;112m[Appium][0m Available drivers:
[38;5;112m[Appium][0m   - uiautomator2@3.8.0 (automationName 'UiAutomator2')
[38;5;112m[Appium][0m No plugins have been installed. Use the "appium plugin" command to install the one(s) you want to use.
[38;5;86m[HTTP][0m [37m-->[39m [37mGET[39m [37m/wd/hub/status[39m {}
[38;5;86m[HTTP][0m <-- GET /wd/hub/status 200 3 ms - 111 
[38;5;86m[HTTP][0m [37m-->[39m [37mGET[39m [37m/wd/hub/status[39m {}
[38;5;86m[HTTP][0m <-- GET /wd/hub/status 200 1 ms - 111 
[38;5;86m[HTTP][0m [37m-->[39m [37mPOST[39m [37m/wd/hub/session[39m {"desiredCapabilities":{"appium:systemPort":65143,"appium:newCommandTimeout":1800,"appium:automationName":"uiautomator2","appium:fullReset":false,"appium:platformVersion":"14","appium:noReset":true,"appium:udid":"emulator-5554","appium:autoGrantPermissions":true,"appium:platformName":"ANDROID","appium:deviceName":"emulator-5554 (sdk_gphone64_arm64 - Android 14)","platformName":"Android","appium:app":"/Users/sanskar.atrey/Documents/demoapp-debug.apk"},"capabilities":{"firstMatch":[{"appium:app":"/Users/sanskar.atrey/Documents/demoapp-debug.apk","appium:autoGrantPermissions":true,"appium:automationName":"uiautomator2","appium:deviceName":"emulator-5554 (sdk_gphone64_arm64 - Android 14)","appium:fullReset":false,"appium:newCommandTimeout":1800,"appium:noReset":true,"appium:platformName":"ANDROID","appium:platformVersion":"14","appium:systemPort":65143,"appium:udid":"emulator-5554","platformName":"android"}]}}
[38;5;123m[BaseDriver][0m Ignoring capability 'appium:platformName=ANDROID' and using capability 'platformName=android'
[38;5;123m[BaseDriver][0m The capabilities ["platformName"] are standard capabilities and do not require "appium:" prefix
[38;5;112m[Appium][0m Attempting to find matching driver for automationName 'uiautomator2' and platformName 'android'
[38;5;112m[Appium][0m The 'uiautomator2' driver was installed and matched caps.
[38;5;112m[Appium][0m Will require it at /Users/sanskar.atrey/.appium/node_modules/appium-uiautomator2-driver
[38;5;81m[AppiumDriver@c8f0][0m Appium v2.11.5 creating new AndroidUiautomator2Driver (v3.8.0) session
[38;5;81m[AppiumDriver@c8f0][0m Checking BaseDriver versions for Appium and AndroidUiautomator2Driver
[38;5;81m[AppiumDriver@c8f0][0m Appium's BaseDriver version is 9.11.5
[38;5;81m[AppiumDriver@c8f0][0m AndroidUiautomator2Driver's BaseDriver version is 9.11.5
[38;5;23m[8184b370][0m[38;5;-62m[AndroidUiautomator2Driver@0fd5][0m Session created with session id: 8184b370-287a-414c-9ba6-7c5818487254
[38;5;23m[8184b370][0m[38;5;229m[ADB][0m Found 1 'build-tools' folders under '/Users/sanskar.atrey/.katalon/tools/android_sdk' (newest first):
[38;5;23m[8184b370][0m[38;5;229m[ADB][0m     /Users/sanskar.atrey/.katalon/tools/android_sdk/build-tools/29.0.3
[38;5;23m[8184b370][0m[38;5;229m[ADB][0m Using 'adb' from '/Users/sanskar.atrey/.katalon/tools/android_sdk/platform-tools/adb'
[38;5;23m[8184b370][0m[38;5;-62m[AndroidUiautomator2Driver@0fd5][0m Retrieving device list
[38;5;23m[8184b370][0m[38;5;-62m[AndroidUiautomator2Driver@0fd5][0m Using device: emulator-5554
[38;5;23m[8184b370][0m[38;5;229m[ADB][0m Using 'adb' from '/Users/sanskar.atrey/.katalon/tools/android_sdk/platform-tools/adb'
[38;5;23m[8184b370][0m[38;5;123m[BaseDriver][0m Using local app '/Users/sanskar.atrey/Documents/demoapp-debug.apk'
[38;5;23m[8184b370][0m[38;5;229m[ADB][0m Getting device platform version
[38;5;23m[8184b370][0m[38;5;-62m[AndroidUiautomator2Driver@0fd5][0m Relaxing hidden api policy
[38;5;23m[8184b370][0m[38;5;229m[ADB][0m Using 'aapt2' from '/Users/sanskar.atrey/.katalon/tools/android_sdk/build-tools/29.0.3/aapt2'
[38;5;23m[8184b370][0m[38;5;229m[ADB][0m Package name: 'io.hyperswitch.demoapp'
[38;5;23m[8184b370][0m[38;5;229m[ADB][0m Main activity name: 'io.hyperswitch.demoapp.MainActivity'
[38;5;23m[8184b370][0m[38;5;-62m[AndroidUiautomator2Driver@0fd5][0m Server packages are not going to be (re)installed
[38;5;23m[8184b370][0m[38;5;229m[ADB][0m Using 'apksigner.jar' from '/Users/sanskar.atrey/.katalon/tools/android_sdk/build-tools/29.0.3/lib/apksigner.jar'
[38;5;23m[8184b370][0m[38;5;229m[ADB][0m Adding packages ["io.appium.settings","io.appium.uiautomator2.server","io.appium.uiautomator2.server.test"] to Doze whitelist
[38;5;23m[8184b370][0m[38;5;229m[ADB][0m '/Users/sanskar.atrey/Documents/demoapp-debug.apk' is signed with a non-default certificate
[38;5;23m[8184b370][0m[38;5;229m[ADB][0m The application at '/Users/sanskar.atrey/Documents/demoapp-debug.apk' will not be cached, because the device under test has confirmed the support of streamed installs
[38;5;23m[8184b370][0m[38;5;229m[ADB][0m The installation of 'demoapp-debug.apk' took 703ms
[38;5;23m[8184b370][0m[38;5;-62m[AndroidUiautomator2Driver@0fd5][0m Starting UIAutomator2 server 7.0.25
[38;5;23m[8184b370][0m[38;5;-62m[AndroidUiautomator2Driver@0fd5][0m Using UIAutomator2 server from '/Users/sanskar.atrey/.appium/node_modules/appium-uiautomator2-driver/node_modules/appium-uiautomator2-server/apks/appium-uiautomator2-server-v7.0.25.apk' and test from '/Users/sanskar.atrey/.appium/node_modules/appium-uiautomator2-driver/node_modules/appium-uiautomator2-server/apks/appium-uiautomator2-server-debug-androidTest.apk'
[38;5;23m[8184b370][0m[38;5;-62m[AndroidUiautomator2Driver@0fd5][0m Waiting up to 30000ms for UiAutomator2 to be online...
[38;5;23m[8184b370][0m[38;5;-62m[AndroidUiautomator2Driver@0fd5][0m socket hang up
[38;5;23m[8184b370][0m[38;5;-62m[AndroidUiautomator2Driver@0fd5][0m socket hang up
[38;5;23m[8184b370][0m[38;5;-62m[AndroidUiautomator2Driver@0fd5][0m socket hang up
[38;5;23m[8184b370][0m[38;5;-62m[AndroidUiautomator2Driver@0fd5][0m Determined the downstream protocol as 'W3C'
[38;5;23m[8184b370][0m[38;5;-62m[AndroidUiautomator2Driver@0fd5][0m Screen already unlocked, doing nothing
[38;5;23m[8184b370][0m[38;5;-62m[AndroidUiautomator2Driver@0fd5][0m Starting 'io.hyperswitch.demoapp/io.hyperswitch.demoapp.MainActivity and waiting for 'io.hyperswitch.demoapp/io.hyperswitch.demoapp.MainActivity'
[38;5;23m[8184b370][0m[38;5;81m[AppiumDriver@c8f0][0m New AndroidUiautomator2Driver session created successfully, session 8184b370-287a-414c-9ba6-7c5818487254 added to master session list
[38;5;23m[8184b370][0m[38;5;86m[HTTP][0m <-- POST /wd/hub/session 200 9118 ms - 1217 
[38;5;23m[8184b370][0m[38;5;86m[HTTP][0m [37m-->[39m [37mGET[39m [37m/wd/hub/session/8184b370-287a-414c-9ba6-7c5818487254[39m {}
[38;5;23m[8184b370][0m[38;5;86m[HTTP][0m <-- GET /wd/hub/session/8184b370-287a-414c-9ba6-7c5818487254 200 7 ms - 361 
[38;5;23m[8184b370][0m[38;5;86m[HTTP][0m [37m-->[39m [37mGET[39m [37m/wd/hub/session/8184b370-287a-414c-9ba6-7c5818487254[39m {}
[38;5;23m[8184b370][0m[38;5;86m[HTTP][0m <-- GET /wd/hub/session/8184b370-287a-414c-9ba6-7c5818487254 200 11 ms - 361 
[38;5;86m[HTTP][0m [37m-->[39m [37mGET[39m [37m/wd/hub/status[39m {}
[38;5;86m[HTTP][0m <-- GET /wd/hub/status 200 0 ms - 111 
[38;5;23m[8184b370][0m[38;5;86m[HTTP][0m [37m-->[39m [37mPOST[39m [37m/wd/hub/session/8184b370-287a-414c-9ba6-7c5818487254/timeouts[39m {"implicit":60000}
[38;5;23m[8184b370][0m[38;5;86m[HTTP][0m <-- POST /wd/hub/session/8184b370-287a-414c-9ba6-7c5818487254/timeouts 200 2 ms - 14 
[38;5;23m[8184b370][0m[38;5;86m[HTTP][0m [37m-->[39m [37mGET[39m [37m/wd/hub/session/8184b370-287a-414c-9ba6-7c5818487254/source[39m {}
[38;5;23m[8184b370][0m[38;5;-62m[AndroidUiautomator2Driver@0fd5][0m Driver proxy active, passing request on via HTTP proxy
[38;5;23m[8184b370][0m[38;5;-62m[AndroidUiautomator2Driver@0fd5][0m Replacing sessionId be88dda4-44c4-4f0b-bcc8-b0a185fe9c1b with 8184b370-287a-414c-9ba6-7c5818487254
[38;5;23m[8184b370][0m[38;5;86m[HTTP][0m <-- GET /wd/hub/session/8184b370-287a-414c-9ba6-7c5818487254/source 200 761 ms - 5496 
[38;5;23m[8184b370][0m[38;5;86m[HTTP][0m [37m-->[39m [37mGET[39m [37m/wd/hub/session/8184b370-287a-414c-9ba6-7c5818487254/screenshot[39m {}
[38;5;23m[8184b370][0m[38;5;86m[HTTP][0m <-- GET /wd/hub/session/8184b370-287a-414c-9ba6-7c5818487254/screenshot 200 321 ms - 93940 
[38;5[38;5;29m[7f6689a2][0m[38;5;-91m[AndroidUiautomator2Driver@a87f][0m Shutting down because we waited 1800 seconds for a command
[38;5;29m[7f6689a2][0m[38;5;137m[AppiumDriver@dcb2][0m Ending session, cause was 'New Command Timeout of 1800 seconds expired. Try customizing the timeout using the 'newCommandTimeout' desired capability'
[38;5;29m[7f6689a2][0m[38;5;137m[AppiumDriver@dcb2][0m Removing session '7f6689a2-1ab6-42ee-8b2a-3f4ebea43752' from our master session list
[38;5;29m[7f6689a2][0m[38;5;-91m[AndroidUiautomator2Driver@a87f][0m Did not get confirmation UiAutomator2 deleteSession worked; Error was: UnknownError: An unknown server-side error occurred while processing the command. Original error: 'DELETE /' cannot be proxied to UiAutomator2 server because the instrumentation process is not running (probably crashed). Check the server log and/or the logcat output for more details
[38;5;29m[7f6689a2][0m[38;5;-91m[AndroidUiautomator2Driver@a87f][0m Restoring hidden api policy to the device default configuration
